This is XeTeX, Version 3.141592653-2.6-0.999997 (TeX Live 2025) (preloaded format=xelatex 2025.5.29)  3 APR 2026 10:29
entering extended mode
 restricted \write18 enabled.
 file:line:error style messages enabled.
 %&-line parsing enabled.
**/Users/rurisase/Documents/ruri-s.github.io/cv
(/Users/rurisase/Documents/ruri-s.github.io/cv.tex
LaTeX2e <2024-11-01> patch level 2
L3 programming layer <2025-04-29>
(/usr/local/texlive/2025/texmf-dist/tex/latex/base/article.cls
Document Class: article 2024/06/29 v1.4n Standard LaTeX document class
(/usr/local/texlive/2025/texmf-dist/tex/latex/base/size11.clo
File: size11.clo 2024/06/29 v1.4n Standard LaTeX file (size option)
)
\c@part=\count268
\c@section=\count269
\c@subsection=\count270
\c@subsubsection=\count271
\c@paragraph=\count272
\c@subparagraph=\count273
\c@figure=\count274
\c@table=\count275
\abovecaptionskip=\skip49
\belowcaptionskip=\skip50
\bibindent=\dimen146
) (/usr/local/texlive/2025/texmf-dist/tex/latex/fontspec/fontspec.sty (/usr/local/texlive/2025/texmf-dist/tex/latex/l3packages/xparse/xparse.sty (/usr/local/texlive/2025/texmf-dist/tex/latex/l3kernel/expl3.sty
Package: expl3 2025-04-29 L3 programming layer (loader) 
 (/usr/local/texlive/2025/texmf-dist/tex/latex/l3backend/l3backend-xetex.def
File: l3backend-xetex.def 2025-04-14 L3 backend support: XeTeX
\g__graphics_track_int=\count276
\g__pdfannot_backend_int=\count277
\g__pdfannot_backend_link_int=\count278
))
Package: xparse 2024-08-16 L3 Experimental document command parser
)
Package: fontspec 2024/05/11 v2.9e Font selection for XeLaTeX and LuaLaTeX
 (/usr/local/texlive/2025/texmf-dist/tex/latex/fontspec/fontspec-xetex.sty
Package: fontspec-xetex 2024/05/11 v2.9e Font selection for XeLaTeX and LuaLaTeX
\l__fontspec_script_int=\count279
\l__fontspec_language_int=\count280
\l__fontspec_strnum_int=\count281
\l__fontspec_tmp_int=\count282
\l__fontspec_tmpa_int=\count283
\l__fontspec_tmpb_int=\count284
\l__fontspec_tmpc_int=\count285
\l__fontspec_em_int=\count286
\l__fontspec_emdef_int=\count287
\l__fontspec_strong_int=\count288
\l__fontspec_strongdef_int=\count289
\l__fontspec_tmpa_dim=\dimen147
\l__fontspec_tmpb_dim=\dimen148
\l__fontspec_tmpc_dim=\dimen149
 (/usr/local/texlive/2025/texmf-dist/tex/latex/base/fontenc.sty
Package: fontenc 2021/04/29 v2.0v Standard LaTeX package
) (/usr/local/texlive/2025/texmf-dist/tex/latex/fontspec/fontspec.cfg))) (/usr/local/texlive/2025/texmf-dist/tex/latex/geometry/geometry.sty
Package: geometry 2020/01/02 v5.9 Page Geometry
 (/usr/local/texlive/2025/texmf-dist/tex/latex/graphics/keyval.sty
Package: keyval 2022/05/29 v1.15 key=value parser (DPC)
\KV@toks@=\toks17
) (/usr/local/texlive/2025/texmf-dist/tex/generic/iftex/ifvtex.sty
Package: ifvtex 2019/10/25 v1.7 ifvtex legacy package. Use iftex instead.
 (/usr/local/texlive/2025/texmf-dist/tex/generic/iftex/iftex.sty
Package: iftex 2024/12/12 v1.0g TeX engine tests
))
\Gm@cnth=\count290
\Gm@cntv=\count291
\c@Gm@tempcnt=\count292
\Gm@bindingoffset=\dimen150
\Gm@wd@mp=\dimen151
\Gm@odd@mp=\dimen152
\Gm@even@mp=\dimen153
\Gm@layoutwidth=\dimen154
\Gm@layoutheight=\dimen155
\Gm@layouthoffset=\dimen156
\Gm@layoutvoffset=\dimen157
\Gm@dimlist=\toks18
) (/usr/local/texlive/2025/texmf-dist/tex/latex/hyperref/hyperref.sty
Package: hyperref 2025-05-20 v7.01m Hypertext links for LaTeX
 (/usr/local/texlive/2025/texmf-dist/tex/latex/kvsetkeys/kvsetkeys.sty
Package: kvsetkeys 2022-10-05 v1.19 Key value parser (HO)
) (/usr/local/texlive/2025/texmf-dist/tex/generic/kvdefinekeys/kvdefinekeys.sty
Package: kvdefinekeys 2019-12-19 v1.6 Define keys (HO)
) (/usr/local/texlive/2025/texmf-dist/tex/generic/pdfescape/pdfescape.sty
Package: pdfescape 2019/12/09 v1.15 Implements pdfTeX's escape features (HO)
 (/usr/local/texlive/2025/texmf-dist/tex/generic/ltxcmds/ltxcmds.sty
Package: ltxcmds 2023-12-04 v1.26 LaTeX kernel commands for general use (HO)
) (/usr/local/texlive/2025/texmf-dist/tex/generic/pdftexcmds/pdftexcmds.sty
Package: pdftexcmds 2020-06-27 v0.33 Utility functions of pdfTeX for LuaTeX (HO)
 (/usr/local/texlive/2025/texmf-dist/tex/generic/infwarerr/infwarerr.sty
Package: infwarerr 2019/12/03 v1.5 Providing info/warning/error messages (HO)
)
Package pdftexcmds Info: \pdf@primitive is available.
Package pdftexcmds Info: \pdf@ifprimitive is available.
Package pdftexcmds Info: \pdfdraftmode not found.
)) (/usr/local/texlive/2025/texmf-dist/tex/latex/hycolor/hycolor.sty
Package: hycolor 2020-01-27 v1.10 Color options for hyperref/bookmark (HO)
) (/usr/local/texlive/2025/texmf-dist/tex/latex/hyperref/nameref.sty
Package: nameref 2023-11-26 v2.56 Cross-referencing by name of section
 (/usr/local/texlive/2025/texmf-dist/tex/latex/refcount/refcount.sty
Package: refcount 2019/12/15 v3.6 Data extraction from label references (HO)
) (/usr/local/texlive/2025/texmf-dist/tex/generic/gettitlestring/gettitlestring.sty
Package: gettitlestring 2019/12/15 v1.6 Cleanup title references (HO)
 (/usr/local/texlive/2025/texmf-dist/tex/latex/kvoptions/kvoptions.sty
Package: kvoptions 2022-06-15 v3.15 Key value format for package options (HO)
))
\c@section@level=\count293
) (/usr/local/texlive/2025/texmf-dist/tex/latex/etoolbox/etoolbox.sty
Package: etoolbox 2025/02/11 v2.5l e-TeX tools for LaTeX (JAW)
\etb@tempcnta=\count294
) (/usr/local/texlive/2025/texmf-dist/tex/generic/stringenc/stringenc.sty
Package: stringenc 2019/11/29 v1.12 Convert strings between diff. encodings (HO)
)
\@linkdim=\dimen158
\Hy@linkcounter=\count295
\Hy@pagecounter=\count296
 (/usr/local/texlive/2025/texmf-dist/tex/latex/hyperref/pd1enc.def
File: pd1enc.def 2025-05-20 v7.01m Hyperref: PDFDocEncoding definition (HO)
) (/usr/local/texlive/2025/texmf-dist/tex/generic/intcalc/intcalc.sty
Package: intcalc 2019/12/15 v1.3 Expandable calculations with integers (HO)
)
\Hy@SavedSpaceFactor=\count297
 (/usr/local/texlive/2025/texmf-dist/tex/latex/hyperref/puenc.def
File: puenc.def 2025-05-20 v7.01m Hyperref: PDF Unicode definition (HO)
)
Package hyperref Info: Hyper figures OFF on input line 4157.
Package hyperref Info: Link nesting OFF on input line 4162.
Package hyperref Info: Hyper index ON on input line 4165.
Package hyperref Info: Plain pages OFF on input line 4172.
Package hyperref Info: Backreferencing OFF on input line 4177.
Package hyperref Info: Implicit mode ON; LaTeX internals redefined.
Package hyperref Info: Bookmarks ON on input line 4424.
\c@Hy@tempcnt=\count298
 (/usr/local/texlive/2025/texmf-dist/tex/latex/url/url.sty
\Urlmuskip=\muskip17
Package: url 2013/09/16  ver 3.4  Verb mode for urls, etc.
)
LaTeX Info: Redefining \url on input line 4763.
\XeTeXLinkMargin=\dimen159
 (/usr/local/texlive/2025/texmf-dist/tex/generic/bitset/bitset.sty
Package: bitset 2019/12/09 v1.3 Handle bit-vector datatype (HO)
 (/usr/local/texlive/2025/texmf-dist/tex/generic/bigintcalc/bigintcalc.sty
Package: bigintcalc 2019/12/15 v1.5 Expandable calculations on big integers (HO)
))
\Fld@menulength=\count299
\Field@Width=\dimen160
\Fld@charsize=\dimen161
Package hyperref Info: Hyper figures OFF on input line 6042.
Package hyperref Info: Link nesting OFF on input line 6047.
Package hyperref Info: Hyper index ON on input line 6050.
Package hyperref Info: backreferencing OFF on input line 6057.
Package hyperref Info: Link coloring OFF on input line 6062.
Package hyperref Info: Link coloring with OCG OFF on input line 6067.
Package hyperref Info: PDF/A mode OFF on input line 6072.
 (/usr/local/texlive/2025/texmf-dist/tex/latex/base/atbegshi-ltx.sty
Package: atbegshi-ltx 2021/01/10 v1.0c Emulation of the original atbegshi
package with kernel methods
)
\Hy@abspage=\count300
\c@Item=\count301
\c@Hfootnote=\count302
)
Package hyperref Info: Driver (autodetected): hxetex.
 (/usr/local/texlive/2025/texmf-dist/tex/latex/hyperref/hxetex.def
File: hxetex.def 2025-05-20 v7.01m Hyperref driver for XeTeX
\pdfm@box=\box53
\c@Hy@AnnotLevel=\count303
\HyField@AnnotCount=\count304
\Fld@listcount=\count305
\c@bookmark@seq@number=\count306
 (/usr/local/texlive/2025/texmf-dist/tex/latex/rerunfilecheck/rerunfilecheck.sty
Package: rerunfilecheck 2022-07-10 v1.10 Rerun checks for auxiliary files (HO)
 (/usr/local/texlive/2025/texmf-dist/tex/latex/base/atveryend-ltx.sty
Package: atveryend-ltx 2020/08/19 v1.0a Emulation of the original atveryend package
with kernel methods
) (/usr/local/texlive/2025/texmf-dist/tex/generic/uniquecounter/uniquecounter.sty
Package: uniquecounter 2019/12/15 v1.4 Provide unlimited unique counter (HO)
)
Package uniquecounter Info: New unique counter `rerunfilecheck' on input line 285.
)
\Hy@SectionHShift=\skip51
) (/usr/local/texlive/2025/texmf-dist/tex/latex/lastpage/lastpage.sty
Package: lastpage 2025/01/27 v2.1e lastpage: 2.09 or 2e? (HMM)
 (/usr/local/texlive/2025/texmf-dist/tex/latex/lastpage/lastpage2e.sty
Package: lastpage2e 2025/01/27 v2.1e Decide which 2e lastpage version to use (HMM)
 (/usr/local/texlive/2025/texmf-dist/tex/latex/lastpage/lastpagemodern.sty
Package: lastpagemodern 2025-01-27 v2.1e Refers to last page's name (HMM; JPG)
\c@lastpagecount=\count307
) 
)) (/usr/local/texlive/2025/texmf-dist/tex/latex/fancyhdr/fancyhdr.sty
Package: fancyhdr 2025/02/07 v5.2 Extensive control of page headers and footers
\f@nch@headwidth=\skip52
\f@nch@offset@elh=\skip53
\f@nch@offset@erh=\skip54
\f@nch@offset@olh=\skip55
\f@nch@offset@orh=\skip56
\f@nch@offset@elf=\skip57
\f@nch@offset@erf=\skip58
\f@nch@offset@olf=\skip59
\f@nch@offset@orf=\skip60
\f@nch@height=\skip61
\f@nch@footalignment=\skip62
\f@nch@widthL=\skip63
\f@nch@widthC=\skip64
\f@nch@widthR=\skip65
\@temptokenb=\toks19
) (/usr/local/texlive/2025/texmf-dist/tex/latex/titlesec/titlesec.sty
Package: titlesec 2025/01/04 v2.17 Sectioning titles
\ttl@box=\box54
\beforetitleunit=\skip66
\aftertitleunit=\skip67
\ttl@plus=\dimen162
\ttl@minus=\dimen163
\ttl@toksa=\toks20
\titlewidth=\dimen164
\titlewidthlast=\dimen165
\titlewidthfirst=\dimen166
) (/usr/local/texlive/2025/texmf-dist/tex/latex/xcolor/xcolor.sty
Package: xcolor 2024/09/29 v3.02 LaTeX color extensions (UK)
 (/usr/local/texlive/2025/texmf-dist/tex/latex/graphics-cfg/color.cfg
File: color.cfg 2016/01/02 v1.6 sample color configuration
)
Package xcolor Info: Driver file: xetex.def on input line 274.
 (/usr/local/texlive/2025/texmf-dist/tex/latex/graphics-def/xetex.def
File: xetex.def 2022/09/22 v5.0n Graphics/color driver for xetex
) (/usr/local/texlive/2025/texmf-dist/tex/latex/graphics/mathcolor.ltx)
Package xcolor Info: Model `cmy' substituted by `cmy0' on input line 1349.
Package xcolor Info: Model `RGB' extended on input line 1365.
Package xcolor Info: Model `HTML' substituted by `rgb' on input line 1367.
Package xcolor Info: Model `Hsb' substituted by `hsb' on input line 1368.
Package xcolor Info: Model `tHsb' substituted by `hsb' on input line 1369.
Package xcolor Info: Model `HSB' substituted by `hsb' on input line 1370.
Package xcolor Info: Model `Gray' substituted by `gray' on input line 1371.
Package xcolor Info: Model `wave' substituted by `hsb' on input line 1372.
) (/usr/local/texlive/2025/texmf-dist/tex/latex/enumitem/enumitem.sty
Package: enumitem 2025/02/06 v3.11 Customized lists
\labelindent=\skip68
\enit@outerparindent=\dimen167
\enit@toks=\toks21
\enit@inbox=\box55
\enit@count@id=\count308
\enitdp@description=\count309
) (/usr/local/texlive/2025/texmf-dist/tex/latex/tools/tabularx.sty
Package: tabularx 2023/12/11 v2.12a `tabularx' package (DPC)
 (/usr/local/texlive/2025/texmf-dist/tex/latex/tools/array.sty
Package: array 2024/10/17 v2.6g Tabular extension package (FMi)
\col@sep=\dimen168
\ar@mcellbox=\box56
\extrarowheight=\dimen169
\NC@list=\toks22
\extratabsurround=\skip69
\backup@length=\skip70
\ar@cellbox=\box57
)
\TX@col@width=\dimen170
\TX@old@table=\dimen171
\TX@old@col=\dimen172
\TX@target=\dimen173
\TX@delta=\dimen174
\TX@cols=\count310
\TX@ftn=\toks23
) (/usr/local/texlive/2025/texmf-dist/tex/latex/parskip/parskip.sty
Package: parskip 2021-03-14 v2.0h non-zero parskip adjustments
)

Package fontspec Info: 
(fontspec)             Font family 'TimesNewRoman(0)' created for font 'Times
(fontspec)             New Roman' with options [Ligatures=TeX,BoldFont = Arial
(fontspec)             Bold,BoldItalicFont = Arial Bold Italic].
(fontspec)              
(fontspec)              This font family consists of the following NFSS
(fontspec)             series/shapes:
(fontspec)              
(fontspec)             - 'normal' (m/n) with NFSS spec.: <->"Times New
(fontspec)             Roman/OT:script=latn;language=dflt;mapping=tex-text;"
(fontspec)             - 'bold' (b/n) with NFSS spec.: <->"Arial
(fontspec)             Bold/OT:script=latn;language=dflt;mapping=tex-text;"
(fontspec)             - 'italic' (m/it) with NFSS spec.: <->"Times New
(fontspec)             Roman/I/OT:script=latn;language=dflt;mapping=tex-text;"
(fontspec)             - 'bold italic' (b/it) with NFSS spec.: <->"Arial Bold
(fontspec)             Italic/OT:script=latn;language=dflt;mapping=tex-text;"


Package fontspec Info: 
(fontspec)             Font family 'Arial(0)' created for font 'Arial' with
(fontspec)             options [].
(fontspec)              
(fontspec)              This font family consists of the following NFSS
(fontspec)             series/shapes:
(fontspec)              
(fontspec)             - 'normal' (m/n) with NFSS spec.:
(fontspec)             <->"Arial/OT:script=latn;language=dflt;"
(fontspec)             - 'bold' (b/n) with NFSS spec.:
(fontspec)             <->"Arial/B/OT:script=latn;language=dflt;"
(fontspec)             - 'italic' (m/it) with NFSS spec.:
(fontspec)             <->"Arial/I/OT:script=latn;language=dflt;"
(fontspec)             - 'bold italic' (b/it) with NFSS spec.:
(fontspec)             <->"Arial/BI/OT:script=latn;language=dflt;"

Package hyperref Info: Option `colorlinks' set `true' on input line 37.
 (./cv.aux)
\openout1 = `cv.aux'.

LaTeX Font Info:    Checking defaults for OML/cmm/m/it on input line 98.
LaTeX Font Info:    ... okay on input line 98.
LaTeX Font Info:    Checking defaults for OMS/cmsy/m/n on input line 98.
LaTeX Font Info:    ... okay on input line 98.
LaTeX Font Info:    Checking defaults for OT1/cmr/m/n on input line 98.
LaTeX Font Info:    ... okay on input line 98.
LaTeX Font Info:    Checking defaults for T1/cmr/m/n on input line 98.
LaTeX Font Info:    ... okay on input line 98.
LaTeX Font Info:    Checking defaults for TS1/cmr/m/n on input line 98.
LaTeX Font Info:    ... okay on input line 98.
LaTeX Font Info:    Checking defaults for TU/lmr/m/n on input line 98.
LaTeX Font Info:    ... okay on input line 98.
LaTeX Font Info:    Checking defaults for OMX/cmex/m/n on input line 98.
LaTeX Font Info:    ... okay on input line 98.
LaTeX Font Info:    Checking defaults for U/cmr/m/n on input line 98.
LaTeX Font Info:    ... okay on input line 98.
LaTeX Font Info:    Checking defaults for PD1/pdf/m/n on input line 98.
LaTeX Font Info:    ... okay on input line 98.
LaTeX Font Info:    Checking defaults for PU/pdf/m/n on input line 98.
LaTeX Font Info:    ... okay on input line 98.

Package fontspec Info: 
(fontspec)             Adjusting the maths setup (use [no-math] to avoid
(fontspec)             this).

\symlegacymaths=\mathgroup4
LaTeX Font Info:    Overwriting symbol font `legacymaths' in version `bold'
(Font)                  OT1/cmr/m/n --> OT1/cmr/bx/n on input line 98.
LaTeX Font Info:    Redeclaring math accent \acute on input line 98.
LaTeX Font Info:    Redeclaring math accent \grave on input line 98.
LaTeX Font Info:    Redeclaring math accent \ddot on input line 98.
LaTeX Font Info:    Redeclaring math accent \tilde on input line 98.
LaTeX Font Info:    Redeclaring math accent \bar on input line 98.
LaTeX Font Info:    Redeclaring math accent \breve on input line 98.
LaTeX Font Info:    Redeclaring math accent \check on input line 98.
LaTeX Font Info:    Redeclaring math accent \hat on input line 98.
LaTeX Font Info:    Redeclaring math accent \dot on input line 98.
LaTeX Font Info:    Redeclaring math accent \mathring on input line 98.
LaTeX Font Info:    Redeclaring math symbol \colon on input line 98.
LaTeX Font Info:    Redeclaring math symbol \Gamma on input line 98.
LaTeX Font Info:    Redeclaring math symbol \Delta on input line 98.
LaTeX Font Info:    Redeclaring math symbol \Theta on input line 98.
LaTeX Font Info:    Redeclaring math symbol \Lambda on input line 98.
LaTeX Font Info:    Redeclaring math symbol \Xi on input line 98.
LaTeX Font Info:    Redeclaring math symbol \Pi on input line 98.
LaTeX Font Info:    Redeclaring math symbol \Sigma on input line 98.
LaTeX Font Info:    Redeclaring math symbol \Upsilon on input line 98.
LaTeX Font Info:    Redeclaring math symbol \Phi on input line 98.
LaTeX Font Info:    Redeclaring math symbol \Psi on input line 98.
LaTeX Font Info:    Redeclaring math symbol \Omega on input line 98.
LaTeX Font Info:    Redeclaring math symbol \mathdollar on input line 98.
LaTeX Font Info:    Redeclaring symbol font `operators' on input line 98.
LaTeX Font Info:    Encoding `OT1' has changed to `TU' for symbol font
(Font)              `operators' in the math version `normal' on input line 98.
LaTeX Font Info:    Overwriting symbol font `operators' in version `normal'
(Font)                  OT1/cmr/m/n --> TU/TimesNewRoman(0)/m/n on input line 98.
LaTeX Font Info:    Encoding `OT1' has changed to `TU' for symbol font
(Font)              `operators' in the math version `bold' on input line 98.
LaTeX Font Info:    Overwriting symbol font `operators' in version `bold'
(Font)                  OT1/cmr/bx/n --> TU/TimesNewRoman(0)/m/n on input line 98.
LaTeX Font Info:    Overwriting symbol font `operators' in version `normal'
(Font)                  TU/TimesNewRoman(0)/m/n --> TU/TimesNewRoman(0)/m/n on input line 98.
LaTeX Font Info:    Overwriting math alphabet `\mathit' in version `normal'
(Font)                  OT1/cmr/m/it --> TU/TimesNewRoman(0)/m/it on input line 98.
LaTeX Font Info:    Overwriting math alphabet `\mathbf' in version `normal'
(Font)                  OT1/cmr/bx/n --> TU/TimesNewRoman(0)/b/n on input line 98.
LaTeX Font Info:    Overwriting math alphabet `\mathsf' in version `normal'
(Font)                  OT1/cmss/m/n --> TU/lmss/m/n on input line 98.
LaTeX Font Info:    Overwriting math alphabet `\mathtt' in version `normal'
(Font)                  OT1/cmtt/m/n --> TU/lmtt/m/n on input line 98.
LaTeX Font Info:    Overwriting symbol font `operators' in version `bold'
(Font)                  TU/TimesNewRoman(0)/m/n --> TU/TimesNewRoman(0)/b/n on input line 98.
LaTeX Font Info:    Overwriting math alphabet `\mathit' in version `bold'
(Font)                  OT1/cmr/bx/it --> TU/TimesNewRoman(0)/b/it on input line 98.
LaTeX Font Info:    Overwriting math alphabet `\mathsf' in version `bold'
(Font)                  OT1/cmss/bx/n --> TU/lmss/b/n on input line 98.
LaTeX Font Info:    Overwriting math alphabet `\mathtt' in version `bold'
(Font)                  OT1/cmtt/m/n --> TU/lmtt/b/n on input line 98.

*geometry* driver: auto-detecting
*geometry* detected driver: xetex
*geometry* verbose mode - [ preamble ] result:
* driver: xetex
* paper: a4paper
* layout: <same size as paper>
* layoutoffset:(h,v)=(0.0pt,0.0pt)
* modes: 
* h-part:(L,W,R)=(56.9055pt, 483.69687pt, 56.9055pt)
* v-part:(T,H,B)=(42.67912pt, 745.46222pt, 56.9055pt)
* \paperwidth=597.50787pt
* \paperheight=845.04684pt
* \textwidth=483.69687pt
* \textheight=745.46222pt
* \oddsidemargin=-15.36449pt
* \evensidemargin=-15.36449pt
* \topmargin=-66.59087pt
* \headheight=12.0pt
* \headsep=25.0pt
* \topskip=11.0pt
* \footskip=30.0pt
* \marginparwidth=50.0pt
* \marginparsep=10.0pt
* \columnsep=10.0pt
* \skip\footins=10.0pt plus 4.0pt minus 2.0pt
* \hoffset=0.0pt
* \voffset=0.0pt
* \mag=1000
* \@twocolumnfalse
* \@twosidefalse
* \@mparswitchfalse
* \@reversemarginfalse
* (1in=72.27pt=25.4mm, 1cm=28.453pt)

Package hyperref Info: Link coloring ON on input line 98.
(./cv.out) (./cv.out)
\@outlinefile=\write3
\openout3 = `cv.out'.


/Users/rurisase/Documents/ruri-s.github.io/cv.tex:123: Incomplete \ifx; all text was ignored after line 123.
<inserted text> 
                \fi 
l.123 ... Graduate School of xxx, Division of xxx}
                                                  
A forbidden control sequence occurred in skipped text.
This kind of error happens when you say `\if...' and forget
the matching `\fi'. I've inserted a `\fi'; this might work.

/Users/rurisase/Documents/ruri-s.github.io/cv.tex:123: Missing \endgroup inserted.
<inserted text> 
                \endgroup 
l.123 ... Graduate School of xxx, Division of xxx}
                                                  
I've inserted something that you may have forgotten.
(See the <inserted text> above.)
With luck, this will get me unwedged. But if you
really didn't forget anything, try typing `2' now; then
my insertion and my current dilemma will both disappear.

/Users/rurisase/Documents/ruri-s.github.io/cv.tex:123: Missing } inserted.
<inserted text> 
                }
l.123 ... Graduate School of xxx, Division of xxx}
                                                  
I've inserted something that you may have forgotten.
(See the <inserted text> above.)
With luck, this will get me unwedged. But if you
really didn't forget anything, try typing `2' now; then
my insertion and my current dilemma will both disappear.

/Users/rurisase/Documents/ruri-s.github.io/cv.tex:123: Extra alignment tab has been changed to \cr.
<recently read> \endtemplate 
                             
l.123 ... Graduate School of xxx, Division of xxx}
                                                  
You have given more \span or & marks than there were
in the preamble to the \halign or \valign now in progress.
So I'll assume that you meant to type \cr instead.

/Users/rurisase/Documents/ruri-s.github.io/cv.tex:123: Extra \else.
<inserted text> ...of xxx, Division of xxx& \else 
                                                  \\ & University Name, Grad...
l.123 ... Graduate School of xxx, Division of xxx}
                                                  
I'm ignoring this; it doesn't match any \if.

/Users/rurisase/Documents/ruri-s.github.io/cv.tex:123: Extra \fi.
<inserted text> ...ol of xxx, Division of xxx \fi 
                                                  \\ 
l.123 ... Graduate School of xxx, Division of xxx}
                                                  
I'm ignoring this; it doesn't match any \if.

/Users/rurisase/Documents/ruri-s.github.io/cv.tex:123: Incomplete \ifx; all text was ignored after line 123.
<inserted text> 
                \fi 
l.123 ... Graduate School of xxx, Division of xxx}
                                                  
A forbidden control sequence occurred in skipped text.
This kind of error happens when you say `\if...' and forget
the matching `\fi'. I've inserted a `\fi'; this might work.

/Users/rurisase/Documents/ruri-s.github.io/cv.tex:123: Missing \endgroup inserted.
<inserted text> 
                \endgroup 
l.123 ... Graduate School of xxx, Division of xxx}
                                                  
I've inserted something that you may have forgotten.
(See the <inserted text> above.)
With luck, this will get me unwedged. But if you
really didn't forget anything, try typing `2' now; then
my insertion and my current dilemma will both disappear.

/Users/rurisase/Documents/ruri-s.github.io/cv.tex:123: Missing } inserted.
<inserted text> 
                }
l.123 ... Graduate School of xxx, Division of xxx}
                                                  
I've inserted something that you may have forgotten.
(See the <inserted text> above.)
With luck, this will get me unwedged. But if you
really didn't forget anything, try typing `2' now; then
my insertion and my current dilemma will both disappear.

/Users/rurisase/Documents/ruri-s.github.io/cv.tex:123: Extra alignment tab has been changed to \cr.
<recently read> \endtemplate 
                             
l.123 ... Graduate School of xxx, Division of xxx}
                                                  
You have given more \span or & marks than there were
in the preamble to the \halign or \valign now in progress.
So I'll assume that you meant to type \cr instead.

/Users/rurisase/Documents/ruri-s.github.io/cv.tex:123: Extra \fi.
\iterate ...al {}\relax \expandafter \iterate \fi 
                                                  
l.123 ... Graduate School of xxx, Division of xxx}
                                                  
I'm ignoring this; it doesn't match any \if.

/Users/rurisase/Documents/ruri-s.github.io/cv.tex:123: Incomplete \ifx; all text was ignored after line 123.
<inserted text> 
                \fi 
l.123 ... Graduate School of xxx, Division of xxx}
                                                  
A forbidden control sequence occurred in skipped text.
This kind of error happens when you say `\if...' and forget
the matching `\fi'. I've inserted a `\fi'; this might work.

/Users/rurisase/Documents/ruri-s.github.io/cv.tex:123: Missing \endgroup inserted.
<inserted text> 
                \endgroup 
l.123 ... Graduate School of xxx, Division of xxx}
                                                  
I've inserted something that you may have forgotten.
(See the <inserted text> above.)
With luck, this will get me unwedged. But if you
really didn't forget anything, try typing `2' now; then
my insertion and my current dilemma will both disappear.

/Users/rurisase/Documents/ruri-s.github.io/cv.tex:123: Missing } inserted.
<inserted text> 
                }
l.123 ... Graduate School of xxx, Division of xxx}
                                                  
I've inserted something that you may have forgotten.
(See the <inserted text> above.)
With luck, this will get me unwedged. But if you
really didn't forget anything, try typing `2' now; then
my insertion and my current dilemma will both disappear.

/Users/rurisase/Documents/ruri-s.github.io/cv.tex:123: Extra alignment tab has been changed to \cr.
<recently read> \endtemplate 
                             
l.123 ... Graduate School of xxx, Division of xxx}
                                                  
You have given more \span or & marks than there were
in the preamble to the \halign or \valign now in progress.
So I'll assume that you meant to type \cr instead.

/Users/rurisase/Documents/ruri-s.github.io/cv.tex:123: Extra \else.
<inserted text> ...of xxx, Division of xxx& \else 
                                                  \\ & University Name, Grad...
l.123 ... Graduate School of xxx, Division of xxx}
                                                  
I'm ignoring this; it doesn't match any \if.

/Users/rurisase/Documents/ruri-s.github.io/cv.tex:123: Extra \fi.
<inserted text> ...ol of xxx, Division of xxx \fi 
                                                  \\ 
l.123 ... Graduate School of xxx, Division of xxx}
                                                  
I'm ignoring this; it doesn't match any \if.


Overfull \hbox (120.12054pt too wide) in alignment at lines 123--123
[][] 
 []

/Users/rurisase/Documents/ruri-s.github.io/cv.tex:127: Incomplete \ifx; all text was ignored after line 127.
<inserted text> 
                \fi 
l.127 ... Graduate School of xxx, Division of xxx}
                                                  
A forbidden control sequence occurred in skipped text.
This kind of error happens when you say `\if...' and forget
the matching `\fi'. I've inserted a `\fi'; this might work.

/Users/rurisase/Documents/ruri-s.github.io/cv.tex:127: Missing \endgroup inserted.
<inserted text> 
                \endgroup 
l.127 ... Graduate School of xxx, Division of xxx}
                                                  
I've inserted something that you may have forgotten.
(See the <inserted text> above.)
With luck, this will get me unwedged. But if you
really didn't forget anything, try typing `2' now; then
my insertion and my current dilemma will both disappear.

/Users/rurisase/Documents/ruri-s.github.io/cv.tex:127: Missing } inserted.
<inserted text> 
                }
l.127 ... Graduate School of xxx, Division of xxx}
                                                  
I've inserted something that you may have forgotten.
(See the <inserted text> above.)
With luck, this will get me unwedged. But if you
really didn't forget anything, try typing `2' now; then
my insertion and my current dilemma will both disappear.

/Users/rurisase/Documents/ruri-s.github.io/cv.tex:127: Extra alignment tab has been changed to \cr.
<recently read> \endtemplate 
                             
l.127 ... Graduate School of xxx, Division of xxx}
                                                  
You have given more \span or & marks than there were
in the preamble to the \halign or \valign now in progress.
So I'll assume that you meant to type \cr instead.

/Users/rurisase/Documents/ruri-s.github.io/cv.tex:127: Extra \else.
<inserted text> ...of xxx, Division of xxx& \else 
                                                  \\ & University Name, Grad...
l.127 ... Graduate School of xxx, Division of xxx}
                                                  
I'm ignoring this; it doesn't match any \if.

/Users/rurisase/Documents/ruri-s.github.io/cv.tex:127: Extra \fi.
<inserted text> ...ol of xxx, Division of xxx \fi 
                                                  \\ 
l.127 ... Graduate School of xxx, Division of xxx}
                                                  
I'm ignoring this; it doesn't match any \if.

/Users/rurisase/Documents/ruri-s.github.io/cv.tex:127: Incomplete \ifx; all text was ignored after line 127.
<inserted text> 
                \fi 
l.127 ... Graduate School of xxx, Division of xxx}
                                                  
A forbidden control sequence occurred in skipped text.
This kind of error happens when you say `\if...' and forget
the matching `\fi'. I've inserted a `\fi'; this might work.

/Users/rurisase/Documents/ruri-s.github.io/cv.tex:127: Missing \endgroup inserted.
<inserted text> 
                \endgroup 
l.127 ... Graduate School of xxx, Division of xxx}
                                                  
I've inserted something that you may have forgotten.
(See the <inserted text> above.)
With luck, this will get me unwedged. But if you
really didn't forget anything, try typing `2' now; then
my insertion and my current dilemma will both disappear.

/Users/rurisase/Documents/ruri-s.github.io/cv.tex:127: Missing } inserted.
<inserted text> 
                }
l.127 ... Graduate School of xxx, Division of xxx}
                                                  
I've inserted something that you may have forgotten.
(See the <inserted text> above.)
With luck, this will get me unwedged. But if you
really didn't forget anything, try typing `2' now; then
my insertion and my current dilemma will both disappear.

/Users/rurisase/Documents/ruri-s.github.io/cv.tex:127: Extra alignment tab has been changed to \cr.
<recently read> \endtemplate 
                             
l.127 ... Graduate School of xxx, Division of xxx}
                                                  
You have given more \span or & marks than there were
in the preamble to the \halign or \valign now in progress.
So I'll assume that you meant to type \cr instead.

/Users/rurisase/Documents/ruri-s.github.io/cv.tex:127: Extra \fi.
\iterate ...al {}\relax \expandafter \iterate \fi 
                                                  
l.127 ... Graduate School of xxx, Division of xxx}
                                                  
I'm ignoring this; it doesn't match any \if.

/Users/rurisase/Documents/ruri-s.github.io/cv.tex:127: Incomplete \ifx; all text was ignored after line 127.
<inserted text> 
                \fi 
l.127 ... Graduate School of xxx, Division of xxx}
                                                  
A forbidden control sequence occurred in skipped text.
This kind of error happens when you say `\if...' and forget
the matching `\fi'. I've inserted a `\fi'; this might work.

/Users/rurisase/Documents/ruri-s.github.io/cv.tex:127: Missing \endgroup inserted.
<inserted text> 
                \endgroup 
l.127 ... Graduate School of xxx, Division of xxx}
                                                  
I've inserted something that you may have forgotten.
(See the <inserted text> above.)
With luck, this will get me unwedged. But if you
really didn't forget anything, try typing `2' now; then
my insertion and my current dilemma will both disappear.

/Users/rurisase/Documents/ruri-s.github.io/cv.tex:127: Missing } inserted.
<inserted text> 
                }
l.127 ... Graduate School of xxx, Division of xxx}
                                                  
I've inserted something that you may have forgotten.
(See the <inserted text> above.)
With luck, this will get me unwedged. But if you
really didn't forget anything, try typing `2' now; then
my insertion and my current dilemma will both disappear.

/Users/rurisase/Documents/ruri-s.github.io/cv.tex:127: Extra alignment tab has been changed to \cr.
<recently read> \endtemplate 
                             
l.127 ... Graduate School of xxx, Division of xxx}
                                                  
You have given more \span or & marks than there were
in the preamble to the \halign or \valign now in progress.
So I'll assume that you meant to type \cr instead.

/Users/rurisase/Documents/ruri-s.github.io/cv.tex:127: Extra \else.
<inserted text> ...of xxx, Division of xxx& \else 
                                                  \\ & University Name, Grad...
l.127 ... Graduate School of xxx, Division of xxx}
                                                  
I'm ignoring this; it doesn't match any \if.

/Users/rurisase/Documents/ruri-s.github.io/cv.tex:127: Extra \fi.
<inserted text> ...ol of xxx, Division of xxx \fi 
                                                  \\ 
l.127 ... Graduate School of xxx, Division of xxx}
                                                  
I'm ignoring this; it doesn't match any \if.


Overfull \hbox (120.12054pt too wide) in alignment at lines 127--127
[][] 
 []

/Users/rurisase/Documents/ruri-s.github.io/cv.tex:131: Incomplete \ifx; all text was ignored after line 131.
<inserted text> 
                \fi 
l.131   {University Name, Faculty of xxx}
                                         
A forbidden control sequence occurred in skipped text.
This kind of error happens when you say `\if...' and forget
the matching `\fi'. I've inserted a `\fi'; this might work.

/Users/rurisase/Documents/ruri-s.github.io/cv.tex:131: Missing \endgroup inserted.
<inserted text> 
                \endgroup 
l.131   {University Name, Faculty of xxx}
                                         
I've inserted something that you may have forgotten.
(See the <inserted text> above.)
With luck, this will get me unwedged. But if you
really didn't forget anything, try typing `2' now; then
my insertion and my current dilemma will both disappear.

/Users/rurisase/Documents/ruri-s.github.io/cv.tex:131: Missing } inserted.
<inserted text> 
                }
l.131   {University Name, Faculty of xxx}
                                         
I've inserted something that you may have forgotten.
(See the <inserted text> above.)
With luck, this will get me unwedged. But if you
really didn't forget anything, try typing `2' now; then
my insertion and my current dilemma will both disappear.

/Users/rurisase/Documents/ruri-s.github.io/cv.tex:131: Extra alignment tab has been changed to \cr.
<recently read> \endtemplate 
                             
l.131   {University Name, Faculty of xxx}
                                         
You have given more \span or & marks than there were
in the preamble to the \halign or \valign now in progress.
So I'll assume that you meant to type \cr instead.

/Users/rurisase/Documents/ruri-s.github.io/cv.tex:131: Extra \else.
<inserted text> ...ty Name, Faculty of xxx& \else 
                                                  \\ & University Name, Facu...
l.131   {University Name, Faculty of xxx}
                                         
I'm ignoring this; it doesn't match any \if.

/Users/rurisase/Documents/ruri-s.github.io/cv.tex:131: Extra \fi.
<inserted text> ...rsity Name, Faculty of xxx \fi 
                                                  \\ 
l.131   {University Name, Faculty of xxx}
                                         
I'm ignoring this; it doesn't match any \if.

/Users/rurisase/Documents/ruri-s.github.io/cv.tex:131: Incomplete \ifx; all text was ignored after line 131.
<inserted text> 
                \fi 
l.131   {University Name, Faculty of xxx}
                                         
A forbidden control sequence occurred in skipped text.
This kind of error happens when you say `\if...' and forget
the matching `\fi'. I've inserted a `\fi'; this might work.

/Users/rurisase/Documents/ruri-s.github.io/cv.tex:131: Missing \endgroup inserted.
<inserted text> 
                \endgroup 
l.131   {University Name, Faculty of xxx}
                                         
I've inserted something that you may have forgotten.
(See the <inserted text> above.)
With luck, this will get me unwedged. But if you
really didn't forget anything, try typing `2' now; then
my insertion and my current dilemma will both disappear.

/Users/rurisase/Documents/ruri-s.github.io/cv.tex:131: Missing } inserted.
<inserted text> 
                }
l.131   {University Name, Faculty of xxx}
                                         
I've inserted something that you may have forgotten.
(See the <inserted text> above.)
With luck, this will get me unwedged. But if you
really didn't forget anything, try typing `2' now; then
my insertion and my current dilemma will both disappear.

/Users/rurisase/Documents/ruri-s.github.io/cv.tex:131: Extra alignment tab has been changed to \cr.
<recently read> \endtemplate 
                             
l.131   {University Name, Faculty of xxx}
                                         
You have given more \span or & marks than there were
in the preamble to the \halign or \valign now in progress.
So I'll assume that you meant to type \cr instead.

/Users/rurisase/Documents/ruri-s.github.io/cv.tex:131: Extra \fi.
\iterate ...al {}\relax \expandafter \iterate \fi 
                                                  
l.131   {University Name, Faculty of xxx}
                                         
I'm ignoring this; it doesn't match any \if.

/Users/rurisase/Documents/ruri-s.github.io/cv.tex:131: Incomplete \ifx; all text was ignored after line 131.
<inserted text> 
                \fi 
l.131   {University Name, Faculty of xxx}
                                         
A forbidden control sequence occurred in skipped text.
This kind of error happens when you say `\if...' and forget
the matching `\fi'. I've inserted a `\fi'; this might work.

/Users/rurisase/Documents/ruri-s.github.io/cv.tex:131: Missing \endgroup inserted.
<inserted text> 
                \endgroup 
l.131   {University Name, Faculty of xxx}
                                         
I've inserted something that you may have forgotten.
(See the <inserted text> above.)
With luck, this will get me unwedged. But if you
really didn't forget anything, try typing `2' now; then
my insertion and my current dilemma will both disappear.

/Users/rurisase/Documents/ruri-s.github.io/cv.tex:131: Missing } inserted.
<inserted text> 
                }
l.131   {University Name, Faculty of xxx}
                                         
I've inserted something that you may have forgotten.
(See the <inserted text> above.)
With luck, this will get me unwedged. But if you
really didn't forget anything, try typing `2' now; then
my insertion and my current dilemma will both disappear.

/Users/rurisase/Documents/ruri-s.github.io/cv.tex:131: Extra alignment tab has been changed to \cr.
<recently read> \endtemplate 
                             
l.131   {University Name, Faculty of xxx}
                                         
You have given more \span or & marks than there were
in the preamble to the \halign or \valign now in progress.
So I'll assume that you meant to type \cr instead.


Underfull \hbox (badness 1803) in paragraph at lines 131--131
[]|\TU/TimesNewRoman(0)/m/n/10.95 University Name, Fac-
 []

/Users/rurisase/Documents/ruri-s.github.io/cv.tex:131: Extra \else.
<inserted text> ...ty Name, Faculty of xxx& \else 
                                                  \\ & University Name, Facu...
l.131   {University Name, Faculty of xxx}
                                         
I'm ignoring this; it doesn't match any \if.

/Users/rurisase/Documents/ruri-s.github.io/cv.tex:131: Extra \fi.
<inserted text> ...rsity Name, Faculty of xxx \fi 
                                                  \\ 
l.131   {University Name, Faculty of xxx}
                                         
I'm ignoring this; it doesn't match any \if.


Overfull \hbox (120.12054pt too wide) in alignment at lines 131--131
[][] 
 []



[1

]

[2] 
enddocument/afterlastpage (AED): lastpage setting LastPage.
(./cv.aux)
 ***********
LaTeX2e <2024-11-01> patch level 2
L3 programming layer <2025-04-29>
 ***********
Package rerunfilecheck Info: File `cv.out' has not changed.
(rerunfilecheck)             Checksum: FC258688E534079FA38FB3A18F994FDB;1067.
 ) 
Here is how much of TeX's memory you used:
 12414 strings out of 470231
 245860 string characters out of 5484001
 705673 words of memory out of 5000000
 38933 multiletter control sequences out of 15000+600000
 630156 words of font info for 79 fonts, out of 8000000 for 9000
 1348 hyphenation exceptions out of 8191
 73i,12n,93p,1230b,371s stack positions out of 10000i,1000n,20000p,200000b,200000s

Output written on cv.pdf (2 pages).
